#
# There is insufficient memory for the Java Runtime Environment to continue.
# Native memory allocation (malloc) failed to allocate 2150736 bytes for Chunk::new
# Possible reasons:
#   The system is out of physical RAM or swap space
#   The process is running with CompressedOops enabled, and the Java Heap may be blocking the growth of the native heap
# Possible solutions:
#   Reduce memory load on the system
#   Increase physical memory or swap space
#   Check if swap backing store is full
#   Decrease Java heap size (-Xmx/-Xms)
#   Decrease number of Java threads
#   Decrease Java thread stack sizes (-Xss)
#   Set larger code cache with -XX:ReservedCodeCacheSize=
#   JVM is running with Unscaled Compressed Oops mode in which the Java heap is
#     placed in the first 4GB address space. The Java Heap base address is the
#     maximum limit for the native heap growth. Please use -XX:HeapBaseMinAddress
#     to set the Java Heap base and to place the Java Heap above 4GB virtual address.
# This output file may be truncated or incomplete.
#
#  Out of Memory Error (./open/src/hotspot/share/memory/arena.cpp:197), pid=96468, tid=90168
#
# JRE version: Java(TM) SE Runtime Environment 18.9 (11.0.15.1+2) (build 11.0.15.1+2-LTS-10)
# Java VM: Java HotSpot(TM) 64-Bit Server VM 18.9 (11.0.15.1+2-LTS-10, mixed mode, tiered, compressed oops, g1 gc, windows-amd64)
# No core dump will be written. Minidumps are not enabled by default on client versions of Windows
#

---------------  S U M M A R Y ------------

Command Line: -Xmx1g org.apache.spark.deploy.SparkSubmit --conf spark.master=local[*] --conf spark.sql.session.timeZone=EST --conf spark.app.name=test pyspark-shell

Host: Intel(R) Core(TM) i5-10210U CPU @ 1.60GHz, 8 cores, 7G,  Windows 11 , 64 bit Build 22000 (10.0.22000.708)
Time: Mon Aug 22 22:22:27 2022 India Standard Time elapsed time: 16.032960 seconds (0d 0h 0m 16s)

---------------  T H R E A D  ---------------

Current thread (0x00000208519d4800):  JavaThread "C2 CompilerThread0" daemon [_thread_in_native, id=90168, stack(0x0000007b00e00000,0x0000007b00f00000)]


Current CompileTask:
C2:  16033 6872       4       org.apache.xbean.asm7.ClassReader::readCode (5089 bytes)

Stack: [0x0000007b00e00000,0x0000007b00f00000]
Native frames: (J=compiled Java code, j=interpreted, Vv=VM code, C=native code)
V  [jvm.dll+0x629d8a]
V  [jvm.dll+0x7638ff]
V  [jvm.dll+0x764fa9]
V  [jvm.dll+0x765633]
V  [jvm.dll+0x23d9c8]
V  [jvm.dll+0xb2a1c]
V  [jvm.dll+0xb2fdc]
V  [jvm.dll+0x341002]
V  [jvm.dll+0x30e9b3]
V  [jvm.dll+0x30dcfa]
V  [jvm.dll+0x1f8565]
V  [jvm.dll+0x1f774d]
V  [jvm.dll+0x177c51]
V  [jvm.dll+0x207026]
V  [jvm.dll+0x2051bb]
V  [jvm.dll+0x729820]
V  [jvm.dll+0x7223f4]
V  [jvm.dll+0x628c26]
C  [ucrtbase.dll+0x26c0c]
C  [KERNEL32.DLL+0x154e0]
C  [ntdll.dll+0x485b]


---------------  P R O C E S S  ---------------

Threads class SMR info:
_java_thread_list=0x0000020853ef6b70, length=60, elements={
0x0000020835725000, 0x0000020851971800, 0x000002085197a800, 0x000002085198e000,
0x00000208519d2800, 0x00000208519d3800, 0x00000208519d4800, 0x00000208519d6000,
0x00000208519e4000, 0x0000020851c99000, 0x00000208532ee800, 0x0000020853906000,
0x0000020854175000, 0x00000208533f7000, 0x0000020853f98000, 0x00000208544ed000,
0x0000020853a2c800, 0x00000208533b8000, 0x00000208533b5800, 0x00000208533b9000,
0x00000208533ba000, 0x000002085353f800, 0x0000020853540000, 0x000002085354b000,
0x000002085518e000, 0x0000020855191000, 0x0000020853e7c000, 0x0000020853e80000,
0x0000020853e82800, 0x0000020853e7e800, 0x0000020853e81000, 0x0000020853e81800,
0x0000020853e7c800, 0x0000020853e88000, 0x0000020853e85000, 0x0000020853e89000,
0x0000020853e87800, 0x0000020853e83000, 0x0000020853e86800, 0x0000020853e84000,
0x0000020853e85800, 0x0000020858396800, 0x0000020858395000, 0x0000020858399000,
0x0000020858394800, 0x0000020858396000, 0x000002085839b800, 0x0000020858398800,
0x000002085839d800, 0x000002085839b000, 0x000002085839c800, 0x0000020858397800,
0x000002085839e000, 0x000002085839f000, 0x000002085839f800, 0x000002085839a000,
0x00000208583a0800, 0x00000208583a2000, 0x00000208583a1800, 0x00000208583a3000
}

Java Threads: ( => current thread )
  0x0000020835725000 JavaThread "main" [_thread_blocked, id=100024, stack(0x0000007b00200000,0x0000007b00300000)]
  0x0000020851971800 JavaThread "Reference Handler" daemon [_thread_blocked, id=103160, stack(0x0000007b00900000,0x0000007b00a00000)]
  0x000002085197a800 JavaThread "Finalizer" daemon [_thread_blocked, id=66732, stack(0x0000007b00a00000,0x0000007b00b00000)]
  0x000002085198e000 JavaThread "Signal Dispatcher" daemon [_thread_blocked, id=105532, stack(0x0000007b00b00000,0x0000007b00c00000)]
  0x00000208519d2800 JavaThread "Attach Listener" daemon [_thread_blocked, id=103832, stack(0x0000007b00c00000,0x0000007b00d00000)]
  0x00000208519d3800 JavaThread "Service Thread" daemon [_thread_blocked, id=74664, stack(0x0000007b00d00000,0x0000007b00e00000)]
=>0x00000208519d4800 JavaThread "C2 CompilerThread0" daemon [_thread_in_native, id=90168, stack(0x0000007b00e00000,0x0000007b00f00000)]
  0x00000208519d6000 JavaThread "C1 CompilerThread0" daemon [_thread_blocked, id=102704, stack(0x0000007b00f00000,0x0000007b01000000)]
  0x00000208519e4000 JavaThread "Sweeper thread" daemon [_thread_blocked, id=107492, stack(0x0000007b01000000,0x0000007b01100000)]
  0x0000020851c99000 JavaThread "Common-Cleaner" daemon [_thread_blocked, id=4356, stack(0x0000007b01200000,0x0000007b01300000)]
  0x00000208532ee800 JavaThread "pool-2-thread-1" [_thread_blocked, id=101108, stack(0x0000007b01600000,0x0000007b01700000)]
  0x0000020853906000 JavaThread "Thread-1" [_thread_in_native, id=95448, stack(0x0000007b01700000,0x0000007b01800000)]
  0x0000020854175000 JavaThread "rpc-boss-3-1" daemon [_thread_in_native, id=103664, stack(0x0000007b01e00000,0x0000007b01f00000)]
  0x00000208533f7000 JavaThread "dispatcher-event-loop-0" daemon [_thread_blocked, id=104248, stack(0x0000007b01f00000,0x0000007b02000000)]
  0x0000020853f98000 JavaThread "dispatcher-event-loop-1" daemon [_thread_blocked, id=106932, stack(0x0000007b02000000,0x0000007b02100000)]
  0x00000208544ed000 JavaThread "dispatcher-event-loop-2" daemon [_thread_blocked, id=101524, stack(0x0000007b02100000,0x0000007b02200000)]
  0x0000020853a2c800 JavaThread "dispatcher-event-loop-3" daemon [_thread_blocked, id=77944, stack(0x0000007b02200000,0x0000007b02300000)]
  0x00000208533b8000 JavaThread "dispatcher-event-loop-4" daemon [_thread_blocked, id=106664, stack(0x0000007b02300000,0x0000007b02400000)]
  0x00000208533b5800 JavaThread "dispatcher-event-loop-5" daemon [_thread_blocked, id=106576, stack(0x0000007b02400000,0x0000007b02500000)]
  0x00000208533b9000 JavaThread "dispatcher-event-loop-6" daemon [_thread_blocked, id=103672, stack(0x0000007b02500000,0x0000007b02600000)]
  0x00000208533ba000 JavaThread "dispatcher-event-loop-7" daemon [_thread_blocked, id=104684, stack(0x0000007b02600000,0x0000007b02700000)]
  0x000002085353f800 JavaThread "dispatcher-BlockManagerMaster" daemon [_thread_blocked, id=103772, stack(0x0000007b02f00000,0x0000007b03000000)]
  0x0000020853540000 JavaThread "dispatcher-BlockManagerEndpoint1" daemon [_thread_blocked, id=106544, stack(0x0000007b03000000,0x0000007b03100000)]
  0x000002085354b000 JavaThread "netty-rpc-env-timeout" daemon [_thread_blocked, id=104596, stack(0x0000007b03c00000,0x0000007b03d00000)]
  0x000002085518e000 JavaThread "shuffle-boss-6-1" daemon [_thread_blocked, id=102244, stack(0x0000007b04200000,0x0000007b04300000)]
  0x0000020855191000 JavaThread "element-tracking-store-worker" daemon [_thread_blocked, id=106336, stack(0x0000007b04700000,0x0000007b04800000)]
  0x0000020853e7c000 JavaThread "org.apache.hadoop.fs.FileSystem$Statistics$StatisticsDataReferenceCleaner" daemon [_thread_blocked, id=107476, stack(0x0000007b04900000,0x0000007b04a00000)]
  0x0000020853e80000 JavaThread "block-manager-storage-async-thread-pool-0" daemon [_thread_blocked, id=104200, stack(0x0000007b04d00000,0x0000007b04e00000)]
  0x0000020853e82800 JavaThread "block-manager-storage-async-thread-pool-1" daemon [_thread_blocked, id=73252, stack(0x0000007b04e00000,0x0000007b04f00000)]
  0x0000020853e7e800 JavaThread "block-manager-storage-async-thread-pool-2" daemon [_thread_blocked, id=101380, stack(0x0000007b04f00000,0x0000007b05000000)]
  0x0000020853e81000 JavaThread "block-manager-ask-thread-pool-0" daemon [_thread_blocked, id=42524, stack(0x0000007b05000000,0x0000007b05100000)]
  0x0000020853e81800 JavaThread "block-manager-ask-thread-pool-1" daemon [_thread_blocked, id=86036, stack(0x0000007b05100000,0x0000007b05200000)]
  0x0000020853e7c800 JavaThread "block-manager-storage-async-thread-pool-3" daemon [_thread_blocked, id=81868, stack(0x0000007b05200000,0x0000007b05300000)]
  0x0000020853e88000 JavaThread "block-manager-storage-async-thread-pool-4" daemon [_thread_blocked, id=101888, stack(0x0000007b05300000,0x0000007b05400000)]
  0x0000020853e85000 JavaThread "block-manager-storage-async-thread-pool-5" daemon [_thread_blocked, id=96512, stack(0x0000007b05400000,0x0000007b05500000)]
  0x0000020853e89000 JavaThread "block-manager-ask-thread-pool-2" daemon [_thread_blocked, id=88260, stack(0x0000007b05500000,0x0000007b05600000)]
  0x0000020853e87800 JavaThread "block-manager-ask-thread-pool-3" daemon [_thread_blocked, id=103044, stack(0x0000007b05600000,0x0000007b05700000)]
  0x0000020853e83000 JavaThread "block-manager-storage-async-thread-pool-6" daemon [_thread_blocked, id=98700, stack(0x0000007b05700000,0x0000007b05800000)]
  0x0000020853e86800 JavaThread "block-manager-storage-async-thread-pool-7" daemon [_thread_blocked, id=97108, stack(0x0000007b05800000,0x0000007b05900000)]
  0x0000020853e84000 JavaThread "block-manager-storage-async-thread-pool-8" daemon [_thread_blocked, id=76332, stack(0x0000007b05900000,0x0000007b05a00000)]
  0x0000020853e85800 JavaThread "block-manager-ask-thread-pool-4" daemon [_thread_blocked, id=106732, stack(0x0000007b05a00000,0x0000007b05b00000)]
  0x0000020858396800 JavaThread "block-manager-ask-thread-pool-5" daemon [_thread_blocked, id=73372, stack(0x0000007b05b00000,0x0000007b05c00000)]
  0x0000020858395000 JavaThread "Thread-0" [_thread_blocked, id=105752, stack(0x0000007b05d00000,0x0000007b05e00000)]
  0x0000020858399000 JavaThread "shutdown-hook-0" daemon [_thread_in_native, id=77040, stack(0x0000007b05e00000,0x0000007b05f00000)]
  0x0000020858394800 JavaThread "shuffle-server-7-1" daemon [_thread_blocked, id=104680, stack(0x0000007b01800000,0x0000007b01900000)]
  0x0000020858396000 JavaThread "shuffle-server-7-2" daemon [_thread_blocked, id=99504, stack(0x0000007b02700000,0x0000007b02800000)]
  0x000002085839b800 JavaThread "shuffle-server-7-3" daemon [_thread_blocked, id=104464, stack(0x0000007b02800000,0x0000007b02900000)]
  0x0000020858398800 JavaThread "shuffle-server-7-4" daemon [_thread_blocked, id=107120, stack(0x0000007b02900000,0x0000007b02a00000)]
  0x000002085839d800 JavaThread "shuffle-server-7-5" daemon [_thread_blocked, id=101216, stack(0x0000007b02a00000,0x0000007b02b00000)]
  0x000002085839b000 JavaThread "shuffle-server-7-6" daemon [_thread_blocked, id=105208, stack(0x0000007b02b00000,0x0000007b02c00000)]
  0x000002085839c800 JavaThread "shuffle-server-7-7" daemon [_thread_blocked, id=91524, stack(0x0000007b02c00000,0x0000007b02d00000)]
  0x0000020858397800 JavaThread "shuffle-server-7-8" daemon [_thread_blocked, id=88028, stack(0x0000007b02d00000,0x0000007b02e00000)]
  0x000002085839e000 JavaThread "shuffle-client-5-1" daemon [_thread_blocked, id=104276, stack(0x0000007b02e00000,0x0000007b02f00000)]
  0x000002085839f000 JavaThread "shuffle-client-5-2" daemon [_thread_blocked, id=81808, stack(0x0000007b03200000,0x0000007b03300000)]
  0x000002085839f800 JavaThread "shuffle-client-5-3" daemon [_thread_blocked, id=69400, stack(0x0000007b03300000,0x0000007b03400000)]
  0x000002085839a000 JavaThread "shuffle-client-5-4" daemon [_thread_blocked, id=106868, stack(0x0000007b03400000,0x0000007b03500000)]
  0x00000208583a0800 JavaThread "shuffle-client-5-5" daemon [_thread_blocked, id=102048, stack(0x0000007b03500000,0x0000007b03600000)]
  0x00000208583a2000 JavaThread "shuffle-client-5-6" daemon [_thread_blocked, id=73472, stack(0x0000007b03600000,0x0000007b03700000)]
  0x00000208583a1800 JavaThread "shuffle-client-5-7" daemon [_thread_blocked, id=106328, stack(0x0000007b03700000,0x0000007b03800000)]
  0x00000208583a3000 JavaThread "shuffle-client-5-8" daemon [_thread_blocked, id=87092, stack(0x0000007b03800000,0x0000007b03900000)]

Other Threads:
  0x0000020851970800 VMThread "VM Thread" [stack: 0x0000007b00800000,0x0000007b00900000] [id=100708]
  0x0000020851ca2000 WatcherThread [stack: 0x0000007b01100000,0x0000007b01200000] [id=95516]
  0x0000020835738800 GCTaskThread "GC Thread#0" [stack: 0x0000007b00300000,0x0000007b00400000] [id=99580]
  0x00000208535dc800 GCTaskThread "GC Thread#1" [stack: 0x0000007b01300000,0x0000007b01400000] [id=72068]
  0x0000020852d05000 GCTaskThread "GC Thread#2" [stack: 0x0000007b01400000,0x0000007b01500000] [id=76896]
  0x000002085398d000 GCTaskThread "GC Thread#3" [stack: 0x0000007b01900000,0x0000007b01a00000] [id=90192]
  0x0000020854392800 GCTaskThread "GC Thread#4" [stack: 0x0000007b01a00000,0x0000007b01b00000] [id=107000]
  0x0000020854395800 GCTaskThread "GC Thread#5" [stack: 0x0000007b01b00000,0x0000007b01c00000] [id=96640]
  0x0000020853a1b800 GCTaskThread "GC Thread#6" [stack: 0x0000007b01c00000,0x0000007b01d00000] [id=84488]
  0x00000208533f8000 GCTaskThread "GC Thread#7" [stack: 0x0000007b01d00000,0x0000007b01e00000] [id=106176]
  0x0000020835759800 ConcurrentGCThread "G1 Main Marker" [stack: 0x0000007b00400000,0x0000007b00500000] [id=101460]
  0x000002083575b800 ConcurrentGCThread "G1 Conc#0" [stack: 0x0000007b00500000,0x0000007b00600000] [id=94244]
  0x00000208544fe000 ConcurrentGCThread "G1 Conc#1" [stack: 0x0000007b01500000,0x0000007b01600000] [id=94468]
  0x0000020850fb7800 ConcurrentGCThread "G1 Refine#0" [stack: 0x0000007b00600000,0x0000007b00700000] [id=105196]
  0x0000020850fba800 ConcurrentGCThread "G1 Young RemSet Sampling" [stack: 0x0000007b00700000,0x0000007b00800000] [id=102460]

Threads with active compile tasks:
C2 CompilerThread0  16112 6872       4       org.apache.xbean.asm7.ClassReader::readCode (5089 bytes)

VM state:not at safepoint (normal execution)

VM Mutex/Monitor currently owned by a thread: None

Heap address: 0x00000000c0000000, size: 1024 MB, Compressed Oops mode: 32-bit
Narrow klass base: 0x0000000000000000, Narrow klass shift: 3
Compressed class space size: 1073741824 Address: 0x0000000100000000

Heap:
 garbage-first heap   total 129024K, used 82307K [0x00000000c0000000, 0x0000000100000000)
  region size 1024K, 33 young (33792K), 4 survivors (4096K)
 Metaspace       used 101728K, capacity 106904K, committed 107132K, reserved 1138688K
  class space    used 14839K, capacity 17490K, committed 17612K, reserved 1048576K
Heap Regions: E=young(eden), S=young(survivor), O=old, HS=humongous(starts), HC=humongous(continues), CS=collection set, F=free, A=archive, TAMS=top-at-mark-start (previous, next)
|   0|0x00000000c0000000, 0x00000000c0100000, 0x00000000c0100000|100%|HS|  |TAMS 0x00000000c0100000, 0x00000000c0000000| Complete 
|   1|0x00000000c0100000, 0x00000000c0200000, 0x00000000c0200000|100%|HS|  |TAMS 0x00000000c0200000, 0x00000000c0100000| Complete 
|   2|0x00000000c0200000, 0x00000000c0300000, 0x00000000c0300000|100%|HS|  |TAMS 0x00000000c0300000, 0x00000000c0200000| Complete 
|   3|0x00000000c0300000, 0x00000000c0400000, 0x00000000c0400000|100%| O|  |TAMS 0x00000000c0400000, 0x00000000c0300000| Untracked 
|   4|0x00000000c0400000, 0x00000000c0500000, 0x00000000c0500000|100%| O|  |TAMS 0x00000000c0500000, 0x00000000c0400000| Untracked 
|   5|0x00000000c0500000, 0x00000000c0600000, 0x00000000c0600000|100%| O|  |TAMS 0x00000000c0600000, 0x00000000c0500000| Untracked 
|   6|0x00000000c0600000, 0x00000000c0700000, 0x00000000c0700000|100%| O|  |TAMS 0x00000000c0700000, 0x00000000c0600000| Untracked 
|   7|0x00000000c0700000, 0x00000000c0800000, 0x00000000c0800000|100%| O|  |TAMS 0x00000000c0800000, 0x00000000c0700000| Untracked 
|   8|0x00000000c0800000, 0x00000000c0900000, 0x00000000c0900000|100%| O|  |TAMS 0x00000000c0900000, 0x00000000c0800000| Untracked 
|   9|0x00000000c0900000, 0x00000000c0a00000, 0x00000000c0a00000|100%| O|  |TAMS 0x00000000c0a00000, 0x00000000c0900000| Untracked 
|  10|0x00000000c0a00000, 0x00000000c0b00000, 0x00000000c0b00000|100%| O|  |TAMS 0x00000000c0b00000, 0x00000000c0a00000| Untracked 
|  11|0x00000000c0b00000, 0x00000000c0c00000, 0x00000000c0c00000|100%| O|  |TAMS 0x00000000c0c00000, 0x00000000c0b00000| Untracked 
|  12|0x00000000c0c00000, 0x00000000c0d00000, 0x00000000c0d00000|100%| O|  |TAMS 0x00000000c0d00000, 0x00000000c0c00000| Untracked 
|  13|0x00000000c0d00000, 0x00000000c0e00000, 0x00000000c0e00000|100%| O|  |TAMS 0x00000000c0e00000, 0x00000000c0d00000| Untracked 
|  14|0x00000000c0e00000, 0x00000000c0f00000, 0x00000000c0f00000|100%| O|  |TAMS 0x00000000c0f00000, 0x00000000c0e00000| Untracked 
|  15|0x00000000c0f00000, 0x00000000c1000000, 0x00000000c1000000|100%| O|  |TAMS 0x00000000c1000000, 0x00000000c0f00000| Untracked 
|  16|0x00000000c1000000, 0x00000000c1100000, 0x00000000c1100000|100%| O|  |TAMS 0x00000000c1100000, 0x00000000c1000000| Untracked 
|  17|0x00000000c1100000, 0x00000000c1200000, 0x00000000c1200000|100%| O|  |TAMS 0x00000000c1200000, 0x00000000c1100000| Untracked 
|  18|0x00000000c1200000, 0x00000000c1300000, 0x00000000c1300000|100%| O|  |TAMS 0x00000000c1300000, 0x00000000c1200000| Untracked 
|  19|0x00000000c1300000, 0x00000000c1400000, 0x00000000c1400000|100%| O|  |TAMS 0x00000000c1400000, 0x00000000c1300000| Untracked 
|  20|0x00000000c1400000, 0x00000000c1500000, 0x00000000c1500000|100%| O|  |TAMS 0x00000000c1500000, 0x00000000c1400000| Untracked 
|  21|0x00000000c1500000, 0x00000000c1600000, 0x00000000c1600000|100%| O|  |TAMS 0x00000000c1600000, 0x00000000c1500000| Untracked 
|  22|0x00000000c1600000, 0x00000000c1700000, 0x00000000c1700000|100%| O|  |TAMS 0x00000000c1700000, 0x00000000c1600000| Untracked 
|  23|0x00000000c1700000, 0x00000000c1800000, 0x00000000c1800000|100%| O|  |TAMS 0x00000000c1800000, 0x00000000c1700000| Untracked 
|  24|0x00000000c1800000, 0x00000000c1900000, 0x00000000c1900000|100%| O|  |TAMS 0x00000000c1900000, 0x00000000c1800000| Untracked 
|  25|0x00000000c1900000, 0x00000000c1a00000, 0x00000000c1a00000|100%| O|  |TAMS 0x00000000c1a00000, 0x00000000c1900000| Untracked 
|  26|0x00000000c1a00000, 0x00000000c1b00000, 0x00000000c1b00000|100%| O|  |TAMS 0x00000000c1b00000, 0x00000000c1a00000| Untracked 
|  27|0x00000000c1b00000, 0x00000000c1c00000, 0x00000000c1c00000|100%| O|  |TAMS 0x00000000c1c00000, 0x00000000c1b00000| Untracked 
|  28|0x00000000c1c00000, 0x00000000c1d00000, 0x00000000c1d00000|100%| O|  |TAMS 0x00000000c1d00000, 0x00000000c1c00000| Untracked 
|  29|0x00000000c1d00000, 0x00000000c1e00000, 0x00000000c1e00000|100%|HS|  |TAMS 0x00000000c1d00000, 0x00000000c1d00000| Complete 
|  30|0x00000000c1e00000, 0x00000000c1f00000, 0x00000000c1f00000|100%|HC|  |TAMS 0x00000000c1e00000, 0x00000000c1e00000| Complete 
|  31|0x00000000c1f00000, 0x00000000c2000000, 0x00000000c2000000|100%|HC|  |TAMS 0x00000000c1f00000, 0x00000000c1f00000| Complete 
|  32|0x00000000c2000000, 0x00000000c2100000, 0x00000000c2100000|100%| O|  |TAMS 0x00000000c2000000, 0x00000000c2000000| Untracked 
|  33|0x00000000c2100000, 0x00000000c2200000, 0x00000000c2200000|100%| O|  |TAMS 0x00000000c2100000, 0x00000000c2100000| Untracked 
|  34|0x00000000c2200000, 0x00000000c2300000, 0x00000000c2300000|100%| O|  |TAMS 0x00000000c2300000, 0x00000000c2200000| Untracked 
|  35|0x00000000c2300000, 0x00000000c2400000, 0x00000000c2400000|100%| O|  |TAMS 0x00000000c2400000, 0x00000000c2300000| Untracked 
|  36|0x00000000c2400000, 0x00000000c2500000, 0x00000000c2500000|100%| O|  |TAMS 0x00000000c2500000, 0x00000000c2400000| Untracked 
|  37|0x00000000c2500000, 0x00000000c2600000, 0x00000000c2600000|100%| O|  |TAMS 0x00000000c25bd000, 0x00000000c2500000| Untracked 
|  38|0x00000000c2600000, 0x00000000c2700000, 0x00000000c2700000|100%|HS|  |TAMS 0x00000000c2600000, 0x00000000c2600000| Complete 
|  39|0x00000000c2700000, 0x00000000c2800000, 0x00000000c2800000|100%|HC|  |TAMS 0x00000000c2700000, 0x00000000c2700000| Complete 
|  40|0x00000000c2800000, 0x00000000c2900000, 0x00000000c2900000|100%|HC|  |TAMS 0x00000000c2800000, 0x00000000c2800000| Complete 
|  41|0x00000000c2900000, 0x00000000c2a00000, 0x00000000c2a00000|100%|HC|  |TAMS 0x00000000c2900000, 0x00000000c2900000| Complete 
|  42|0x00000000c2a00000, 0x00000000c2b00000, 0x00000000c2b00000|100%|HC|  |TAMS 0x00000000c2a00000, 0x00000000c2a00000| Complete 
|  43|0x00000000c2b00000, 0x00000000c2c00000, 0x00000000c2c00000|100%|HS|  |TAMS 0x00000000c2b00000, 0x00000000c2b00000| Complete 
|  44|0x00000000c2c00000, 0x00000000c2d00000, 0x00000000c2d00000|100%|HC|  |TAMS 0x00000000c2c00000, 0x00000000c2c00000| Complete 
|  45|0x00000000c2d00000, 0x00000000c2e00000, 0x00000000c2e00000|100%|HC|  |TAMS 0x00000000c2d00000, 0x00000000c2d00000| Complete 
|  46|0x00000000c2e00000, 0x00000000c2f00000, 0x00000000c2f00000|100%|HC|  |TAMS 0x00000000c2e00000, 0x00000000c2e00000| Complete 
|  47|0x00000000c2f00000, 0x00000000c3000000, 0x00000000c3000000|100%|HC|  |TAMS 0x00000000c2f00000, 0x00000000c2f00000| Complete 
|  48|0x00000000c3000000, 0x00000000c3000000, 0x00000000c3100000|  0%| F|  |TAMS 0x00000000c3000000, 0x00000000c3000000| Untracked 
|  49|0x00000000c3100000, 0x00000000c3100000, 0x00000000c3200000|  0%| F|  |TAMS 0x00000000c3100000, 0x00000000c3100000| Untracked 
|  50|0x00000000c3200000, 0x00000000c3200000, 0x00000000c3300000|  0%| F|  |TAMS 0x00000000c3200000, 0x00000000c3200000| Untracked 
|  51|0x00000000c3300000, 0x00000000c3400000, 0x00000000c3400000|100%| O|  |TAMS 0x00000000c3300000, 0x00000000c3300000| Untracked 
|  52|0x00000000c3400000, 0x00000000c34df000, 0x00000000c3500000| 87%| O|  |TAMS 0x00000000c3400000, 0x00000000c3400000| Untracked 
|  53|0x00000000c3500000, 0x00000000c3500000, 0x00000000c3600000|  0%| F|  |TAMS 0x00000000c3500000, 0x00000000c3500000| Untracked 
|  54|0x00000000c3600000, 0x00000000c3600000, 0x00000000c3700000|  0%| F|  |TAMS 0x00000000c3600000, 0x00000000c3600000| Untracked 
|  55|0x00000000c3700000, 0x00000000c3700000, 0x00000000c3800000|  0%| F|  |TAMS 0x00000000c3700000, 0x00000000c3700000| Untracked 
|  56|0x00000000c3800000, 0x00000000c3800000, 0x00000000c3900000|  0%| F|  |TAMS 0x00000000c3800000, 0x00000000c3800000| Untracked 
|  57|0x00000000c3900000, 0x00000000c3900000, 0x00000000c3a00000|  0%| F|  |TAMS 0x00000000c3900000, 0x00000000c3900000| Untracked 
|  58|0x00000000c3a00000, 0x00000000c3a00000, 0x00000000c3b00000|  0%| F|  |TAMS 0x00000000c3a00000, 0x00000000c3a00000| Untracked 
|  59|0x00000000c3b00000, 0x00000000c3b00000, 0x00000000c3c00000|  0%| F|  |TAMS 0x00000000c3b00000, 0x00000000c3b00000| Untracked 
|  60|0x00000000c3c00000, 0x00000000c3c00000, 0x00000000c3d00000|  0%| F|  |TAMS 0x00000000c3c00000, 0x00000000c3c00000| Untracked 
|  61|0x00000000c3d00000, 0x00000000c3d00000, 0x00000000c3e00000|  0%| F|  |TAMS 0x00000000c3d00000, 0x00000000c3d00000| Untracked 
|  62|0x00000000c3e00000, 0x00000000c3e00000, 0x00000000c3f00000|  0%| F|  |TAMS 0x00000000c3e00000, 0x00000000c3e00000| Untracked 
|  63|0x00000000c3f00000, 0x00000000c3f00000, 0x00000000c4000000|  0%| F|  |TAMS 0x00000000c3f00000, 0x00000000c3f00000| Untracked 
|  64|0x00000000c4000000, 0x00000000c4000000, 0x00000000c4100000|  0%| F|  |TAMS 0x00000000c4000000, 0x00000000c4000000| Untracked 
|  65|0x00000000c4100000, 0x00000000c4100000, 0x00000000c4200000|  0%| F|  |TAMS 0x00000000c4100000, 0x00000000c4100000| Untracked 
|  66|0x00000000c4200000, 0x00000000c4200000, 0x00000000c4300000|  0%| F|  |TAMS 0x00000000c4200000, 0x00000000c4200000| Untracked 
|  67|0x00000000c4300000, 0x00000000c4300000, 0x00000000c4400000|  0%| F|  |TAMS 0x00000000c4300000, 0x00000000c4300000| Untracked 
|  68|0x00000000c4400000, 0x00000000c4400000, 0x00000000c4500000|  0%| F|  |TAMS 0x00000000c4400000, 0x00000000c4400000| Untracked 
|  69|0x00000000c4500000, 0x00000000c4500000, 0x00000000c4600000|  0%| F|  |TAMS 0x00000000c4500000, 0x00000000c4500000| Untracked 
|  70|0x00000000c4600000, 0x00000000c4600000, 0x00000000c4700000|  0%| F|  |TAMS 0x00000000c4600000, 0x00000000c4600000| Untracked 
|  71|0x00000000c4700000, 0x00000000c4781c20, 0x00000000c4800000| 50%| S|CS|TAMS 0x00000000c4700000, 0x00000000c4700000| Complete 
|  72|0x00000000c4800000, 0x00000000c4900000, 0x00000000c4900000|100%| S|CS|TAMS 0x00000000c4800000, 0x00000000c4800000| Complete 
|  73|0x00000000c4900000, 0x00000000c4a00000, 0x00000000c4a00000|100%| S|CS|TAMS 0x00000000c4900000, 0x00000000c4900000| Complete 
|  74|0x00000000c4a00000, 0x00000000c4b00000, 0x00000000c4b00000|100%| S|CS|TAMS 0x00000000c4a00000, 0x00000000c4a00000| Complete 
|  75|0x00000000c4b00000, 0x00000000c4b00000, 0x00000000c4c00000|  0%| F|  |TAMS 0x00000000c4b00000, 0x00000000c4b00000| Untracked 
|  76|0x00000000c4c00000, 0x00000000c4c00000, 0x00000000c4d00000|  0%| F|  |TAMS 0x00000000c4c00000, 0x00000000c4c00000| Untracked 
|  77|0x00000000c4d00000, 0x00000000c4d00000, 0x00000000c4e00000|  0%| F|  |TAMS 0x00000000c4d00000, 0x00000000c4d00000| Untracked 
|  78|0x00000000c4e00000, 0x00000000c4e00000, 0x00000000c4f00000|  0%| F|  |TAMS 0x00000000c4e00000, 0x00000000c4e00000| Untracked 
|  79|0x00000000c4f00000, 0x00000000c4f00000, 0x00000000c5000000|  0%| F|  |TAMS 0x00000000c4f00000, 0x00000000c4f00000| Untracked 
|  80|0x00000000c5000000, 0x00000000c5000000, 0x00000000c5100000|  0%| F|  |TAMS 0x00000000c5000000, 0x00000000c5000000| Untracked 
|  81|0x00000000c5100000, 0x00000000c5100000, 0x00000000c5200000|  0%| F|  |TAMS 0x00000000c5100000, 0x00000000c5100000| Untracked 
|  82|0x00000000c5200000, 0x00000000c5200000, 0x00000000c5300000|  0%| F|  |TAMS 0x00000000c5200000, 0x00000000c5200000| Untracked 
|  83|0x00000000c5300000, 0x00000000c5300000, 0x00000000c5400000|  0%| F|  |TAMS 0x00000000c5300000, 0x00000000c5300000| Untracked 
|  84|0x00000000c5400000, 0x00000000c5400000, 0x00000000c5500000|  0%| F|  |TAMS 0x00000000c5400000, 0x00000000c5400000| Untracked 
|  85|0x00000000c5500000, 0x00000000c5500000, 0x00000000c5600000|  0%| F|  |TAMS 0x00000000c5500000, 0x00000000c5500000| Untracked 
|  86|0x00000000c5600000, 0x00000000c5600000, 0x00000000c5700000|  0%| F|  |TAMS 0x00000000c5600000, 0x00000000c5600000| Untracked 
|  87|0x00000000c5700000, 0x00000000c5700000, 0x00000000c5800000|  0%| F|  |TAMS 0x00000000c5700000, 0x00000000c5700000| Untracked 
|  88|0x00000000c5800000, 0x00000000c5800000, 0x00000000c5900000|  0%| F|  |TAMS 0x00000000c5800000, 0x00000000c5800000| Untracked 
|  89|0x00000000c5900000, 0x00000000c5900000, 0x00000000c5a00000|  0%| F|  |TAMS 0x00000000c5900000, 0x00000000c5900000| Untracked 
|  90|0x00000000c5a00000, 0x00000000c5a00000, 0x00000000c5b00000|  0%| F|  |TAMS 0x00000000c5a00000, 0x00000000c5a00000| Untracked 
|  91|0x00000000c5b00000, 0x00000000c5b00000, 0x00000000c5c00000|  0%| F|  |TAMS 0x00000000c5b00000, 0x00000000c5b00000| Untracked 
|  92|0x00000000c5c00000, 0x00000000c5c00000, 0x00000000c5d00000|  0%| F|  |TAMS 0x00000000c5c00000, 0x00000000c5c00000| Untracked 
|  93|0x00000000c5d00000, 0x00000000c5d00000, 0x00000000c5e00000|  0%| F|  |TAMS 0x00000000c5d00000, 0x00000000c5d00000| Untracked 
|  94|0x00000000c5e00000, 0x00000000c5e00000, 0x00000000c5f00000|  0%| F|  |TAMS 0x00000000c5e00000, 0x00000000c5e00000| Untracked 
|  95|0x00000000c5f00000, 0x00000000c5f00000, 0x00000000c6000000|  0%| F|  |TAMS 0x00000000c5f00000, 0x00000000c5f00000| Untracked 
|  96|0x00000000c6000000, 0x00000000c6000000, 0x00000000c6100000|  0%| F|  |TAMS 0x00000000c6000000, 0x00000000c6000000| Untracked 
|  97|0x00000000c6100000, 0x00000000c61ccb18, 0x00000000c6200000| 79%| E|  |TAMS 0x00000000c6100000, 0x00000000c6100000| Complete 
|  98|0x00000000c6200000, 0x00000000c6300000, 0x00000000c6300000|100%| E|CS|TAMS 0x00000000c6200000, 0x00000000c6200000| Complete 
|  99|0x00000000c6300000, 0x00000000c6400000, 0x00000000c6400000|100%| E|CS|TAMS 0x00000000c6300000, 0x00000000c6300000| Complete 
| 100|0x00000000c6400000, 0x00000000c6500000, 0x00000000c6500000|100%| E|  |TAMS 0x00000000c6400000, 0x00000000c6400000| Complete 
| 101|0x00000000c6500000, 0x00000000c6600000, 0x00000000c6600000|100%| E|CS|TAMS 0x00000000c6500000, 0x00000000c6500000| Complete 
| 102|0x00000000c6600000, 0x00000000c6700000, 0x00000000c6700000|100%| E|CS|TAMS 0x00000000c6600000, 0x00000000c6600000| Complete 
| 103|0x00000000c6700000, 0x00000000c6800000, 0x00000000c6800000|100%| E|CS|TAMS 0x00000000c6700000, 0x00000000c6700000| Complete 
| 104|0x00000000c6800000, 0x00000000c6900000, 0x00000000c6900000|100%| E|CS|TAMS 0x00000000c6800000, 0x00000000c6800000| Complete 
| 105|0x00000000c6900000, 0x00000000c6a00000, 0x00000000c6a00000|100%| E|CS|TAMS 0x00000000c6900000, 0x00000000c6900000| Complete 
| 106|0x00000000c6a00000, 0x00000000c6b00000, 0x00000000c6b00000|100%| E|CS|TAMS 0x00000000c6a00000, 0x00000000c6a00000| Complete 
| 107|0x00000000c6b00000, 0x00000000c6c00000, 0x00000000c6c00000|100%| E|CS|TAMS 0x00000000c6b00000, 0x00000000c6b00000| Complete 
| 108|0x00000000c6c00000, 0x00000000c6d00000, 0x00000000c6d00000|100%| E|CS|TAMS 0x00000000c6c00000, 0x00000000c6c00000| Complete 
| 109|0x00000000c6d00000, 0x00000000c6e00000, 0x00000000c6e00000|100%| E|CS|TAMS 0x00000000c6d00000, 0x00000000c6d00000| Complete 
| 110|0x00000000c6e00000, 0x00000000c6f00000, 0x00000000c6f00000|100%| E|CS|TAMS 0x00000000c6e00000, 0x00000000c6e00000| Complete 
| 111|0x00000000c6f00000, 0x00000000c7000000, 0x00000000c7000000|100%| E|CS|TAMS 0x00000000c6f00000, 0x00000000c6f00000| Complete 
| 112|0x00000000c7000000, 0x00000000c7100000, 0x00000000c7100000|100%| E|CS|TAMS 0x00000000c7000000, 0x00000000c7000000| Complete 
| 113|0x00000000c7100000, 0x00000000c7200000, 0x00000000c7200000|100%| E|CS|TAMS 0x00000000c7100000, 0x00000000c7100000| Complete 
| 114|0x00000000c7200000, 0x00000000c7300000, 0x00000000c7300000|100%| E|CS|TAMS 0x00000000c7200000, 0x00000000c7200000| Complete 
| 115|0x00000000c7300000, 0x00000000c7400000, 0x00000000c7400000|100%| E|CS|TAMS 0x00000000c7300000, 0x00000000c7300000| Complete 
| 116|0x00000000c7400000, 0x00000000c7500000, 0x00000000c7500000|100%| E|CS|TAMS 0x00000000c7400000, 0x00000000c7400000| Complete 
| 117|0x00000000c7500000, 0x00000000c7600000, 0x00000000c7600000|100%| E|CS|TAMS 0x00000000c7500000, 0x00000000c7500000| Complete 
| 118|0x00000000c7600000, 0x00000000c7700000, 0x00000000c7700000|100%| E|CS|TAMS 0x00000000c7600000, 0x00000000c7600000| Complete 
| 119|0x00000000c7700000, 0x00000000c7800000, 0x00000000c7800000|100%| E|CS|TAMS 0x00000000c7700000, 0x00000000c7700000| Complete 
| 120|0x00000000c7800000, 0x00000000c7900000, 0x00000000c7900000|100%| E|CS|TAMS 0x00000000c7800000, 0x00000000c7800000| Complete 
| 121|0x00000000c7900000, 0x00000000c7a00000, 0x00000000c7a00000|100%| E|CS|TAMS 0x00000000c7900000, 0x00000000c7900000| Complete 
| 122|0x00000000c7a00000, 0x00000000c7b00000, 0x00000000c7b00000|100%| E|CS|TAMS 0x00000000c7a00000, 0x00000000c7a00000| Complete 
| 123|0x00000000c7b00000, 0x00000000c7c00000, 0x00000000c7c00000|100%| E|CS|TAMS 0x00000000c7b00000, 0x00000000c7b00000| Complete 
| 124|0x00000000c7c00000, 0x00000000c7d00000, 0x00000000c7d00000|100%| E|CS|TAMS 0x00000000c7c00000, 0x00000000c7c00000| Complete 
| 125|0x00000000c7d00000, 0x00000000c7e00000, 0x00000000c7e00000|100%| E|CS|TAMS 0x00000000c7d00000, 0x00000000c7d00000| Complete 

Card table byte_map: [0x000002084c2f0000,0x000002084c4f0000] _byte_map_base: 0x000002084bcf0000

Marking Bits (Prev, Next): (CMBitMap*) 0x0000020835754b38, (CMBitMap*) 0x0000020835754b70
 Prev Bits: [0x000002084c6f0000, 0x000002084d6f0000)
 Next Bits: [0x000002084d6f0000, 0x000002084e6f0000)

Polling page: 0x00000208338b0000

Metaspace:

Usage:
  Non-class:     87.32 MB capacity,    84.85 MB ( 97%) used,     1.86 MB (  2%) free+waste,   621.69 KB ( <1%) overhead. 
      Class:     17.08 MB capacity,    14.49 MB ( 85%) used,     2.25 MB ( 13%) free+waste,   350.19 KB (  2%) overhead. 
       Both:    104.40 MB capacity,    99.34 MB ( 95%) used,     4.10 MB (  4%) free+waste,   971.88 KB ( <1%) overhead. 

Virtual space:
  Non-class space:       88.00 MB reserved,      87.42 MB (>99%) committed 
      Class space:        1.00 GB reserved,      17.20 MB (  2%) committed 
             Both:        1.09 GB reserved,     104.62 MB (  9%) committed 

Chunk freelists:
   Non-Class:  5.25 KB
       Class:  1.75 KB
        Both:  7.00 KB

CodeHeap 'non-profiled nmethods': size=120000Kb used=3336Kb max_used=3336Kb free=116663Kb
 bounds [0x0000020844890000, 0x0000020844be0000, 0x000002084bdc0000]
CodeHeap 'profiled nmethods': size=120000Kb used=13292Kb max_used=13292Kb free=106707Kb
 bounds [0x000002083d360000, 0x000002083e060000, 0x0000020844890000]
CodeHeap 'non-nmethods': size=5760Kb used=1427Kb max_used=1470Kb free=4332Kb
 bounds [0x000002083cdc0000, 0x000002083d030000, 0x000002083d360000]
 total_blobs=7886 nmethods=7012 adapters=784
 compilation: enabled
              stopped_count=0, restarted_count=0
 full_count=0

Compilation events (10 events):
Event: 15.951 Thread 0x00000208519d6000 7041       1       org.apache.spark.util.Utils$::fullWidthRegex (5 bytes)
Event: 15.951 Thread 0x00000208519d6000 nmethod 7041 0x0000020844bd0890 code [0x0000020844bd0a20, 0x0000020844bd0ad8]
Event: 15.953 Thread 0x00000208519d6000 7042       2       java.lang.ClassLoader::getBuiltinPlatformClassLoader (4 bytes)
Event: 15.953 Thread 0x00000208519d6000 nmethod 7042 0x000002083e054710 code [0x000002083e0548a0, 0x000002083e054978]
Event: 15.958 Thread 0x00000208519d6000 7044       2       java.util.LinkedHashMap$LinkedValues::iterator (12 bytes)
Event: 15.958 Thread 0x00000208519d6000 nmethod 7044 0x000002083e054a10 code [0x000002083e054bc0, 0x000002083e054e38]
Event: 15.958 Thread 0x00000208519d6000 7046       2       java.lang.reflect.Method::setMethodAccessor (21 bytes)
Event: 15.958 Thread 0x00000208519d6000 nmethod 7046 0x000002083e054f10 code [0x000002083e0550c0, 0x000002083e0552c8]
Event: 15.958 Thread 0x00000208519d6000 7045       2       java.util.LinkedHashMap$LinkedValueIterator::<init> (11 bytes)
Event: 15.959 Thread 0x00000208519d6000 nmethod 7045 0x000002083e055410 code [0x000002083e0555c0, 0x000002083e055818]

GC Heap History (10 events):
Event: 12.715 GC heap before
{Heap before GC invocations=12 (full 0):
 garbage-first heap   total 129024K, used 98436K [0x00000000c0000000, 0x0000000100000000)
  region size 1024K, 72 young (73728K), 6 survivors (6144K)
 Metaspace       used 76647K, capacity 79134K, committed 79280K, reserved 1116160K
  class space    used 10397K, capacity 11688K, committed 11776K, reserved 1048576K
}
Event: 12.721 GC heap after
{Heap after GC invocations=13 (full 0):
 garbage-first heap   total 129024K, used 33675K [0x00000000c0000000, 0x0000000100000000)
  region size 1024K, 6 young (6144K), 6 survivors (6144K)
 Metaspace       used 76647K, capacity 79134K, committed 79280K, reserved 1116160K
  class space    used 10397K, capacity 11688K, committed 11776K, reserved 1048576K
}
Event: 13.501 GC heap before
{Heap before GC invocations=13 (full 0):
 garbage-first heap   total 129024K, used 101259K [0x00000000c0000000, 0x0000000100000000)
  region size 1024K, 72 young (73728K), 6 survivors (6144K)
 Metaspace       used 84193K, capacity 87324K, committed 87472K, reserved 1124352K
  class space    used 11660K, capacity 13298K, committed 13312K, reserved 1048576K
}
Event: 13.507 GC heap after
{Heap after GC invocations=14 (full 0):
 garbage-first heap   total 129024K, used 35056K [0x00000000c0000000, 0x0000000100000000)
  region size 1024K, 6 young (6144K), 6 survivors (6144K)
 Metaspace       used 84193K, capacity 87324K, committed 87472K, reserved 1124352K
  class space    used 11660K, capacity 13298K, committed 13312K, reserved 1048576K
}
Event: 14.940 GC heap before
{Heap before GC invocations=14 (full 0):
 garbage-first heap   total 129024K, used 106736K [0x00000000c0000000, 0x0000000100000000)
  region size 1024K, 72 young (73728K), 6 survivors (6144K)
 Metaspace       used 94572K, capacity 98360K, committed 98608K, reserved 1132544K
  class space    used 13393K, capacity 15390K, committed 15488K, reserved 1048576K
}
Event: 14.947 GC heap after
{Heap after GC invocations=15 (full 0):
 garbage-first heap   total 129024K, used 37755K [0x00000000c0000000, 0x0000000100000000)
  region size 1024K, 7 young (7168K), 7 survivors (7168K)
 Metaspace       used 94572K, capacity 98360K, committed 98608K, reserved 1132544K
  class space    used 13393K, capacity 15390K, committed 15488K, reserved 1048576K
}
Event: 15.110 GC heap before
{Heap before GC invocations=15 (full 0):
 garbage-first heap   total 129024K, used 56187K [0x00000000c0000000, 0x0000000100000000)
  region size 1024K, 22 young (22528K), 7 survivors (7168K)
 Metaspace       used 96478K, capacity 100553K, committed 100560K, reserved 1134592K
  class space    used 13743K, capacity 15865K, committed 15872K, reserved 1048576K
}
Event: 15.116 GC heap after
{Heap after GC invocations=16 (full 0):
 garbage-first heap   total 129024K, used 38934K [0x00000000c0000000, 0x0000000100000000)
  region size 1024K, 6 young (6144K), 6 survivors (6144K)
 Metaspace       used 96478K, capacity 100553K, committed 100560K, reserved 1134592K
  class space    used 13743K, capacity 15865K, committed 15872K, reserved 1048576K
}
Event: 15.678 GC heap before
{Heap before GC invocations=17 (full 0):
 garbage-first heap   total 129024K, used 100374K [0x00000000c0000000, 0x0000000100000000)
  region size 1024K, 51 young (52224K), 6 survivors (6144K)
 Metaspace       used 100029K, capacity 104934K, committed 105084K, reserved 1136640K
  class space    used 14476K, capacity 16970K, committed 17100K, reserved 1048576K
}
Event: 15.684 GC heap after
{Heap after GC invocations=18 (full 0):
 garbage-first heap   total 129024K, used 41347K [0x00000000c0000000, 0x0000000100000000)
  region size 1024K, 4 young (4096K), 4 survivors (4096K)
 Metaspace       used 100029K, capacity 104934K, committed 105084K, reserved 1136640K
  class space    used 14476K, capacity 16970K, committed 17100K, reserved 1048576K
}

Deoptimization events (10 events):
Event: 14.797 Thread 0x000002085518f000 Uncommon trap: reason=class_check action=maybe_recompile pc=0x0000020844956708 method=java.util.concurrent.ConcurrentHashMap.putVal(Ljava/lang/Object;Ljava/lang/Object;Z)Ljava/lang/Object; @ 242 c2
Event: 14.888 Thread 0x000002085444a800 Uncommon trap: reason=unstable_if action=reinterpret pc=0x0000020844ad5054 method=scala.runtime.ScalaRunTime$.array_length(Ljava/lang/Object;)I @ 20 c2
Event: 14.947 Thread 0x000002085518f000 Uncommon trap: reason=unstable_if action=reinterpret pc=0x00000208449d1274 method=java.lang.invoke.MethodType$ConcurrentWeakInternSet$WeakEntry.equals(Ljava/lang/Object;)Z @ 21 c2
Event: 14.948 Thread 0x000002085518f000 Uncommon trap: reason=unstable_if action=reinterpret pc=0x0000020844b011cc method=scala.runtime.BoxesRunTime.unboxToInt(Ljava/lang/Object;)I @ 1 c2
Event: 14.950 Thread 0x000002085518f000 Uncommon trap: reason=class_check action=maybe_recompile pc=0x0000020844956708 method=java.util.concurrent.ConcurrentHashMap.putVal(Ljava/lang/Object;Ljava/lang/Object;Z)Ljava/lang/Object; @ 242 c2
Event: 14.952 Thread 0x000002085518f000 Uncommon trap: reason=class_check action=maybe_recompile pc=0x0000020844956708 method=java.util.concurrent.ConcurrentHashMap.putVal(Ljava/lang/Object;Ljava/lang/Object;Z)Ljava/lang/Object; @ 242 c2
Event: 15.080 Thread 0x0000020853e7d800 Uncommon trap: reason=class_check action=maybe_recompile pc=0x0000020844ad2a48 method=java.lang.ThreadLocal.set(Ljava/lang/Object;)V @ 26 c2
Event: 15.216 Thread 0x0000020853e7d800 Uncommon trap: reason=unstable_if action=reinterpret pc=0x0000020844ad187c method=java.lang.ThreadLocal$ThreadLocalMap.nextIndex(II)I @ 4 c2
Event: 15.593 Thread 0x0000020853e7d800 Uncommon trap: reason=unstable_if action=reinterpret pc=0x0000020844b124b8 method=java.lang.CharacterDataLatin1.digit(II)I @ 7 c2
Event: 15.597 Thread 0x00000208533ba000 Uncommon trap: reason=unstable_if action=reinterpret pc=0x0000020844b98c68 method=scala.runtime.ScalaRunTime$.array_update(Ljava/lang/Object;ILjava/lang/Object;)V @ 19 c2

Classes redefined (0 events):
No events

Internal exceptions (10 events):
Event: 15.549 Thread 0x0000020853e7d800 Exception <a 'java/lang/NoSuchMethodError'{0x00000000c54f7220}: java.lang.invoke.DirectMethodHandle$Holder.invokeStatic(Ljava/lang/Object;Ljava/lang/Object;)D> (0x00000000c54f7220) thrown at [./open/src/hotspot/share/interpreter/linkResolver.cpp, line 772
Event: 15.550 Thread 0x0000020853e7d800 Exception <a 'java/lang/NoSuchMethodError'{0x00000000c530fdf8}: java.lang.invoke.DirectMethodHandle$Holder.invokeSpecial(Ljava/lang/Object;Ljava/lang/Object;Ljava/lang/Object;Ljava/lang/Object;Ljava/lang/Object;Ljava/lang/Object;Ljava/lang/Object;Ljava/la
Event: 15.550 Thread 0x0000020853e7d800 Exception <a 'java/lang/NoSuchMethodError'{0x00000000c5315d38}: java.lang.invoke.DelegatingMethodHandle$Holder.delegate(Ljava/lang/Object;Ljava/lang/Object;Ljava/lang/Object;Ljava/lang/Object;Ljava/lang/Object;Ljava/lang/Object;Ljava/lang/Object;Ljava/lan
Event: 15.551 Thread 0x0000020853e7d800 Exception <a 'java/lang/NoSuchMethodError'{0x00000000c536e4f0}: java.lang.invoke.DelegatingMethodHandle$Holder.reinvoke_L(Ljava/lang/Object;Ljava/lang/Object;Ljava/lang/Object;Ljava/lang/Object;Ljava/lang/Object;Ljava/lang/Object;Ljava/lang/Object;Ljava/l
Event: 15.553 Thread 0x0000020853e7d800 Exception <a 'java/lang/NoSuchMethodError'{0x00000000c53b6d08}: java.lang.invoke.Invokers$Holder.invoker(Ljava/lang/Object;Ljava/lang/Object;Ljava/lang/Object;Ljava/lang/Object;Ljava/lang/Object;Ljava/lang/Object;Ljava/lang/Object;Ljava/lang/Object;Ljava/
Event: 15.553 Thread 0x0000020853e7d800 Exception <a 'java/lang/NoSuchMethodError'{0x00000000c53c3ae8}: java.lang.invoke.DelegatingMethodHandle$Holder.delegate(Ljava/lang/Object;Ljava/lang/Object;Ljava/lang/Object;Ljava/lang/Object;Ljava/lang/Object;Ljava/lang/Object;Ljava/lang/Object;Ljava/lan
Event: 15.595 Thread 0x0000020853e7d800 Exception <a 'java/lang/NoSuchMethodError'{0x00000000c506b8c0}: static Lorg/apache/spark/sql/types/IntegerType;.<clinit>()V> (0x00000000c506b8c0) thrown at [./open/src/hotspot/share/prims/jni.cpp, line 1366]
Event: 15.831 Thread 0x000002085444a800 Exception <a 'java/lang/NoSuchMethodError'{0x00000000c707cb38}: static Lorg/apache/spark/sql/catalyst/util/Iso8601DateFormatter;.<clinit>()V> (0x00000000c707cb38) thrown at [./open/src/hotspot/share/prims/jni.cpp, line 1366]
Event: 15.859 Thread 0x0000020853e7d800 Exception <a 'java/lang/NoSuchMethodError'{0x00000000c6c32740}: java.lang.invoke.Invokers$Holder.invoke_MT(Ljava/lang/Object;Ljava/lang/Object;Ljava/lang/Object;Ljava/lang/Object;Ljava/lang/Object;Ljava/lang/Object;Ljava/lang/Object;Ljava/lang/Object;Ljav
Event: 15.861 Thread 0x0000020853e7d800 Exception <a 'java/lang/NoSuchMethodError'{0x00000000c6c789e0}: java.lang.invoke.DelegatingMethodHandle$Holder.reinvoke_L(Ljava/lang/Object;Ljava/lang/Object;Ljava/lang/Object;Ljava/lang/Object;Ljava/lang/Object;Ljava/lang/Object;I)Ljava/lang/Object;> (0x

Events (10 events):
Event: 15.952 loading class scala/collection/Seq
Event: 15.952 loading class scala/collection/Seq done
Event: 15.952 loading class scala/collection/mutable/StringBuilder
Event: 15.952 loading class scala/collection/mutable/StringBuilder done
Event: 15.958 loading class org/apache/spark/sql/catalyst/util/StringUtils$StringConcat
Event: 15.958 loading class org/apache/spark/sql/catalyst/util/StringUtils$StringConcat done
Event: 15.958 loading class org/apache/spark/sql/types/StructField
Event: 15.958 loading class org/apache/spark/sql/types/StructField done
Event: 15.958 loading class org/apache/spark/sql/catalyst/util/StringUtils$StringConcat
Event: 15.958 loading class org/apache/spark/sql/catalyst/util/StringUtils$StringConcat done


Dynamic libraries:
0x00007ff6f1a30000 - 0x00007ff6f1a3f000 	D:\BigData\Java\jdk-11.0.15.1\bin\java.exe
0x00007ffaa27a0000 - 0x00007ffaa29a9000 	C:\Windows\SYSTEM32\ntdll.dll
0x00007ffaa20a0000 - 0x00007ffaa215d000 	C:\Windows\System32\KERNEL32.DLL
0x00007ffa9ff40000 - 0x00007ffaa02bd000 	C:\Windows\System32\KERNELBASE.dll
0x00007ffaa0400000 - 0x00007ffaa0511000 	C:\Windows\System32\ucrtbase.dll
0x00007ffa64020000 - 0x00007ffa64035000 	D:\BigData\Java\jdk-11.0.15.1\bin\VCRUNTIME140.dll
0x00007ffa64000000 - 0x00007ffa64018000 	D:\BigData\Java\jdk-11.0.15.1\bin\jli.dll
0x00007ffaa22f0000 - 0x00007ffaa239e000 	C:\Windows\System32\ADVAPI32.dll
0x00007ffaa16f0000 - 0x00007ffaa1793000 	C:\Windows\System32\msvcrt.dll
0x00007ffaa0f70000 - 0x00007ffaa100e000 	C:\Windows\System32\sechost.dll
0x00007ffaa17a0000 - 0x00007ffaa18c0000 	C:\Windows\System32\RPCRT4.dll
0x00007ffaa23a0000 - 0x00007ffaa254d000 	C:\Windows\System32\USER32.dll
0x00007ffa9fdf0000 - 0x00007ffa9fe16000 	C:\Windows\System32\win32u.dll
0x00007ffa83ca0000 - 0x00007ffa83f45000 	C:\Windows\WinSxS\amd64_microsoft.windows.common-controls_6595b64144ccf1df_6.0.22000.120_none_9d947278b86cc467\COMCTL32.dll
0x00007ffaa2640000 - 0x00007ffaa2669000 	C:\Windows\System32\GDI32.dll
0x00007ffa9fe20000 - 0x00007ffa9ff38000 	C:\Windows\System32\gdi32full.dll
0x00007ffaa0520000 - 0x00007ffaa05bd000 	C:\Windows\System32\msvcp_win.dll
0x00007ffa98e10000 - 0x00007ffa98e1a000 	C:\Windows\SYSTEM32\VERSION.dll
0x00007ffaa1110000 - 0x00007ffaa1141000 	C:\Windows\System32\IMM32.DLL
0x00007ffa48710000 - 0x00007ffa487ab000 	D:\BigData\Java\jdk-11.0.15.1\bin\msvcp140.dll
0x00007ffa17730000 - 0x00007ffa18246000 	D:\BigData\Java\jdk-11.0.15.1\bin\server\jvm.dll
0x00007ffaa10f0000 - 0x00007ffaa10f8000 	C:\Windows\System32\PSAPI.DLL
0x00007ffa8bff0000 - 0x00007ffa8bff9000 	C:\Windows\SYSTEM32\WSOCK32.dll
0x00007ffa9b120000 - 0x00007ffa9b153000 	C:\Windows\SYSTEM32\WINMM.dll
0x00007ffaa1680000 - 0x00007ffaa16ef000 	C:\Windows\System32\WS2_32.dll
0x00007ffa9ee70000 - 0x00007ffa9ee88000 	C:\Windows\SYSTEM32\kernel.appcore.dll
0x00007ffa86900000 - 0x00007ffa86910000 	D:\BigData\Java\jdk-11.0.15.1\bin\verify.dll
0x00007ffa988e0000 - 0x00007ffa98b01000 	C:\Windows\SYSTEM32\DBGHELP.DLL
0x00007ffa986f0000 - 0x00007ffa98721000 	C:\Windows\SYSTEM32\dbgcore.DLL
0x00007ffaa0380000 - 0x00007ffaa03ff000 	C:\Windows\System32\bcryptPrimitives.dll
0x00007ffa5c2a0000 - 0x00007ffa5c2c8000 	D:\BigData\Java\jdk-11.0.15.1\bin\java.dll
0x00007ffa85550000 - 0x00007ffa8555a000 	D:\BigData\Java\jdk-11.0.15.1\bin\jimage.dll
0x00007ffa59590000 - 0x00007ffa595a6000 	D:\BigData\Java\jdk-11.0.15.1\bin\zip.dll
0x00007ffaa18e0000 - 0x00007ffaa2098000 	C:\Windows\System32\SHELL32.dll
0x00007ffa9de00000 - 0x00007ffa9e668000 	C:\Windows\SYSTEM32\windows.storage.dll
0x00007ffaa12f0000 - 0x00007ffaa1669000 	C:\Windows\System32\combase.dll
0x00007ffa9dc90000 - 0x00007ffa9ddf6000 	C:\Windows\SYSTEM32\wintypes.dll
0x00007ffaa2670000 - 0x00007ffaa275a000 	C:\Windows\System32\SHCORE.dll
0x00007ffaa0a20000 - 0x00007ffaa0a7d000 	C:\Windows\System32\shlwapi.dll
0x00007ffa9fbb0000 - 0x00007ffa9fbd1000 	C:\Windows\SYSTEM32\profapi.dll
0x00007ffa59240000 - 0x00007ffa59259000 	D:\BigData\Java\jdk-11.0.15.1\bin\net.dll
0x00007ffa9a7f0000 - 0x00007ffa9a8fc000 	C:\Windows\SYSTEM32\WINHTTP.dll
0x00007ffa9f2a0000 - 0x00007ffa9f307000 	C:\Windows\system32\mswsock.dll
0x00007ffa58c20000 - 0x00007ffa58c32000 	D:\BigData\Java\jdk-11.0.15.1\bin\nio.dll
0x00007ffa7f250000 - 0x00007ffa7f267000 	C:\Windows\system32\napinsp.dll
0x00007ffa7f230000 - 0x00007ffa7f24b000 	C:\Windows\system32\pnrpnsp.dll
0x00007ffa9e9d0000 - 0x00007ffa9eab8000 	C:\Windows\SYSTEM32\DNSAPI.dll
0x00007ffa9e9a0000 - 0x00007ffa9e9cd000 	C:\Windows\SYSTEM32\IPHLPAPI.DLL
0x00007ffaa1670000 - 0x00007ffaa1679000 	C:\Windows\System32\NSI.dll
0x00007ffa7f210000 - 0x00007ffa7f222000 	C:\Windows\System32\winrnr.dll
0x00007ffa99fe0000 - 0x00007ffa99ff5000 	C:\Windows\system32\wshbth.dll
0x00007ffa7f1f0000 - 0x00007ffa7f20f000 	C:\Windows\system32\nlansp_c.dll
0x00007ffa98850000 - 0x00007ffa9885a000 	C:\Windows\System32\rasadhlp.dll
0x00007ffa99d70000 - 0x00007ffa99df1000 	C:\Windows\System32\fwpuclnt.dll
0x00007ffa9f4e0000 - 0x00007ffa9f4f8000 	C:\Windows\SYSTEM32\CRYPTSP.dll
0x00007ffa9edd0000 - 0x00007ffa9ee05000 	C:\Windows\system32\rsaenh.dll
0x00007ffa9f390000 - 0x00007ffa9f3b9000 	C:\Windows\SYSTEM32\USERENV.dll
0x00007ffa9f660000 - 0x00007ffa9f687000 	C:\Windows\SYSTEM32\bcrypt.dll
0x00007ffa9f500000 - 0x00007ffa9f50c000 	C:\Windows\SYSTEM32\CRYPTBASE.dll
0x00007ffa9a950000 - 0x00007ffa9a969000 	C:\Windows\SYSTEM32\dhcpcsvc6.DLL
0x00007ffa9acb0000 - 0x00007ffa9acce000 	C:\Windows\SYSTEM32\dhcpcsvc.DLL
0x00007ffa84e20000 - 0x00007ffa84e29000 	D:\BigData\Java\jdk-11.0.15.1\bin\management.dll
0x00007ffa7a3b0000 - 0x00007ffa7a3bb000 	D:\BigData\Java\jdk-11.0.15.1\bin\management_ext.dll
0x00007ffa70610000 - 0x00007ffa70619000 	D:\BigData\Java\jdk-11.0.15.1\bin\jaas.dll
0x0000000066f40000 - 0x0000000066fc3000 	C:\Users\ajmer\AppData\Local\Temp\liblz4-java-3245304049655357961.so

dbghelp: loaded successfully - version: 4.0.5 - missing functions: none
symbol engine: initialized successfully - sym options: 0x614 - pdb path: .;D:\BigData\Java\jdk-11.0.15.1\bin;C:\Windows\SYSTEM32;C:\Windows\WinSxS\amd64_microsoft.windows.common-controls_6595b64144ccf1df_6.0.22000.120_none_9d947278b86cc467;D:\BigData\Java\jdk-11.0.15.1\bin\server;C:\Users\ajmer\AppData\Local\Temp

VM Arguments:
jvm_args: -Xmx1g 
java_command: org.apache.spark.deploy.SparkSubmit --conf spark.master=local[*] --conf spark.sql.session.timeZone=EST --conf spark.app.name=test pyspark-shell
java_class_path (initial): D:\BigData\spark-3.1.2-bin-hadoop3.2\bin\..\conf\;D:\BigData\spark-3.1.2-bin-hadoop3.2\jars\accessors-smart-1.2.jar;D:\BigData\spark-3.1.2-bin-hadoop3.2\jars\activation-1.1.1.jar;D:\BigData\spark-3.1.2-bin-hadoop3.2\jars\aircompressor-0.10.jar;D:\BigData\spark-3.1.2-bin-hadoop3.2\jars\algebra_2.12-2.0.0-M2.jar;D:\BigData\spark-3.1.2-bin-hadoop3.2\jars\antlr-runtime-3.5.2.jar;D:\BigData\spark-3.1.2-bin-hadoop3.2\jars\antlr4-runtime-4.8-1.jar;D:\BigData\spark-3.1.2-bin-hadoop3.2\jars\aopalliance-1.0.jar;D:\BigData\spark-3.1.2-bin-hadoop3.2\jars\aopalliance-repackaged-2.6.1.jar;D:\BigData\spark-3.1.2-bin-hadoop3.2\jars\arpack_combined_all-0.1.jar;D:\BigData\spark-3.1.2-bin-hadoop3.2\jars\arrow-format-2.0.0.jar;D:\BigData\spark-3.1.2-bin-hadoop3.2\jars\arrow-memory-core-2.0.0.jar;D:\BigData\spark-3.1.2-bin-hadoop3.2\jars\arrow-memory-netty-2.0.0.jar;D:\BigData\spark-3.1.2-bin-hadoop3.2\jars\arrow-vector-2.0.0.jar;D:\BigData\spark-3.1.2-bin-hadoop3.2\jars\audience-annotations-0.5.0.jar;D:\BigData\spark-3.1.2-bin-hadoop3.2\jars\automaton-1.11-8.jar;D:\BigData\spark-3.1.2-bin-hadoop3.2\jars\avro-1.8.2.jar;D:\BigData\spark-3.1.2-bin-hadoop3.2\jars\avro-ipc-1.8.2.jar;D:\BigData\spark-3.1.2-bin-hadoop3.2\jars\avro-mapred-1.8.2-hadoop2.jar;D:\BigData\spark-3.1.2-bin-hadoop3.2\jars\bonecp-0.8.0.RELEASE.jar;D:\BigData\spark-3.1.2-bin-hadoop3.2\jars\breeze-macros_2.12-1.0.jar;D:\BigData\spark-3.1.2-bin-hadoop3.2\jars\breeze_2.12-1.0.jar;D:\BigData\spark-3.1.2-bin-hadoop3.2\jars\cats-kernel_2.12-2.0.0-M4.jar;D:\BigData\spark-3.1.2-bin-hadoop3.2\jars\chill-java-0.9.5.jar;D:\BigData\spark-3.1.2-bin-hadoop3.2\jars\chill_2.12-0.9.5.jar;D:\BigData\spark-3.1.2-bin-hadoop3.2\jars\commons-beanutils-1.9.4.jar;D:\BigData\spark-3.1.2-bin-hadoop3.2\jars\commons-cli-1.2.jar;D:\BigData\spark-3.1.2-bin-hadoop3.2\jars\commons-codec-1.10.jar;D:\BigData\spark-3.1.2-bin-hadoop3.2\jars\commons-collections-3.2.2.jar;D:\BigData\spark-3.1.2-bin-hadoop3.2\jars\commons-compile
Launcher Type: SUN_STANDARD

[Global flags]
     intx CICompilerCount                          = 4                                         {product} {ergonomic}
     uint ConcGCThreads                            = 2                                         {product} {ergonomic}
     uint G1ConcRefinementThreads                  = 8                                         {product} {ergonomic}
   size_t G1HeapRegionSize                         = 1048576                                   {product} {ergonomic}
    uintx GCDrainStackTargetSize                   = 64                                        {product} {ergonomic}
   size_t InitialHeapSize                          = 132120576                                 {product} {ergonomic}
   size_t MarkStackSize                            = 4194304                                   {product} {ergonomic}
   size_t MaxHeapSize                              = 1073741824                                {product} {command line}
   size_t MaxNewSize                               = 643825664                                 {product} {ergonomic}
   size_t MinHeapDeltaBytes                        = 1048576                                   {product} {ergonomic}
    uintx NonNMethodCodeHeapSize                   = 5836300                                {pd product} {ergonomic}
    uintx NonProfiledCodeHeapSize                  = 122910970                              {pd product} {ergonomic}
    uintx ProfiledCodeHeapSize                     = 122910970                              {pd product} {ergonomic}
    uintx ReservedCodeCacheSize                    = 251658240                              {pd product} {ergonomic}
     bool SegmentedCodeCache                       = true                                      {product} {ergonomic}
     bool UseCompressedClassPointers               = true                                 {lp64_product} {ergonomic}
     bool UseCompressedOops                        = true                                 {lp64_product} {ergonomic}
     bool UseG1GC                                  = true                                      {product} {ergonomic}
     bool UseLargePagesIndividualAllocation        = false                                  {pd product} {ergonomic}

Logging:
Log output configuration:
 #0: stdout all=warning uptime,level,tags
 #1: stderr all=off uptime,level,tags

Environment Variables:
JAVA_HOME=D:\BigData\Java\jdk-11.0.15.1
PATH=C:\Users\ajmer\anaconda3\envs\py38;C:\Users\ajmer\anaconda3\envs\py38\Library\mingw-w64\bin;C:\Users\ajmer\anaconda3\envs\py38\Library\usr\bin;C:\Users\ajmer\anaconda3\envs\py38\Library\bin;C:\Users\ajmer\anaconda3\envs\py38\Scripts;C:\Users\ajmer\anaconda3\envs\py38\bin;C:\Users\ajmer\anaconda3\condabin;C:\Program Files\Common Files\Oracle\Java\javapath;C:\oraclexe\app\oracle\product\10.2.0\server\bin;C:\Program Files (x86)\VMware\VMware Player\bin;C:\Users\ajmer\Downloads\WINDOWS.X64_193000_db_home\bin;C:\Program Files (x86)\Common Files\Oracle\Java\javapath;C:\Windows\system32;C:\Windows;C:\Windows\System32\Wbem;C:\Windows\System32\WindowsPowerShell\v1.0;C:\Windows\System32\OpenSSH;C:\Program Files (x86)\NVIDIA Corporation\PhysX\Common;C:\Program Files\NVIDIA Corporation\NVIDIA NvDLISR;C:\Program Files\PuTTY;D:\BigData\scala\bin;D:\BigData\bin;C:\Users\ajmer\AppData\Local\Programs\Python\Python310\Scripts;C:\Users\ajmer\AppData\Local\Programs\Python\Python310;C:\Users\ajmer\AppData\Local\Microsoft\WindowsApps;D:\BigData\Java\jdk-11.0.15.1\bin;D:\BigData\kafka\bin\windows;D:\BigData\spark-3.1.2-bin-hadoop3.2\bin;D:\BigData\spark-3.1.2-bin-hadoop3.2\sbin;D:\BigData\hadoop-3.2.2\bin;D:\BigData\hadoop-3.2.2\sbin;C:\Users\ajmer\anaconda3\envs\py38\python.exe;D:\BigData\scala\bin;D:\BigData\scala\bin;C:\Users\ajmer\anaconda3\envs\py38\python.exe\python.exe;.
USERNAME=ajmer
OS=Windows_NT
PROCESSOR_IDENTIFIER=Intel64 Family 6 Model 142 Stepping 12, GenuineIntel



---------------  S Y S T E M  ---------------

OS: Windows 11 , 64 bit Build 22000 (10.0.22000.708)

CPU:total 8 (initial active 8) (4 cores per cpu, 2 threads per core) family 6 model 142 stepping 12 microcode 0xec, cmov, cx8, fxsr, mmx, sse, sse2, sse3, ssse3, sse4.1, sse4.2, popcnt, avx, avx2, aes, clmul, erms, 3dnowpref, lzcnt, ht, tsc, tscinvbit, bmi1, bmi2, adx, fma

Memory: 4k page, system-wide physical 8025M (197M free)
TotalPageFile size 32601M (AvailPageFile size 68M)
current process WorkingSet (physical memory assigned to process): 332M, peak: 344M
current process commit charge ("private bytes"): 392M, peak: 396M

vm_info: Java HotSpot(TM) 64-Bit Server VM (11.0.15.1+2-LTS-10) for windows-amd64 JRE (11.0.15.1+2-LTS-10), built on Apr 25 2022 21:51:57 by "mach5one" with MS VC++ 15.9 (VS2017)

END.
